<?xml version="1.0" encoding="UTF-8"?>
<!-- Generated by org.testng.reporters.JUnitReportReporter -->
<testsuite hostname="DESKTOP-81HAE9R" failures="0" tests="1" name="pr.New" time="10.953" errors="0" timestamp="3 Jun 2021 15:33:14 GMT">
  <testcase classname="pr.New" name="browserInit" time="10.953"/>
</testsuite> <!-- pr.New -->
